8 68 0
24 56 0
17 53 0
36 44 0
20 42 0
12 35 0
9 33 0
3 31 0
6 28 0
44 28 0
42 23 0
29 18 0
47 18 0
16 17 0
15 16 0
41 15 0
2 14 0
50 12 0
13 11 0
11 7 0
28 6 0
48 5 0
43 3 0
33 2 0
37 1 0
45 1 0
4 0 0
7 -3 0
49 -3 0
26 -4 0
31 -7 0
19 -10 0
30 -14 0
10 -15 0
38 -17 0
14 -21 0
32 -21 0
23 -23 0
39 -26 0
40 -26 0
18 -30 0
22 -34 0
25 -34 0
35 -34 0
34 -35 0
27 -38 0
21 -42 0
1 -49 0
5 -50 0
46 -51 0

8 131 0
25 85 41
6 76 6
44 74 6
20 63 0
46 61 44
9 58 0
15 58 7
24 51 -7
47 46 3
10 43 23
16 42 2
33 42 11
11 41 6
7 40 13
26 37 14
38 34 18
36 26 -14
50 21 -1
12 17 -14
29 14 -9
48 14 0
21 10 24
27 7 22
28 7 -4
45 7 0
3 4 -19
13 2 -9
41 1 -13
30 -3 3
43 -7 -8
35 -10 12
4 -13 -6
37 -24 -9
2 -28 -18
14 -33 0
42 -34 -26
17 -38 -35
34 -46 6
23 -50 -2
31 -64 -10
1 -68 6
49 -76 -14
5 -77 5
40 -78 -5
39 -80 -7
32 -83 -10
19 -86 -16
22 -103 -7
18 -111 -9

